<?xml version="1.0" encoding="UTF-8"?>
<!-- Generated by org.testng.reporters.JUnitReportReporter -->
<testsuite ignored="0" hostname="DESKTOP-5GUVE2A" failures="0" tests="2" name="Practice.FrameworkAppium.ApiDemo" time="49.313" errors="0" timestamp="05 Aug 2019 10:33:13 GMT" skipped="0">
  <testcase classname="Practice.FrameworkAppium.ApiDemo" name="apiDemoTest" time="25.602"/>
  <testcase classname="Practice.FrameworkAppium.ApiDemo" name="apiDemoTest" time="23.711"/>
</testsuite> <!-- Practice.FrameworkAppium.ApiDemo -->
