<?xml version="1.0" encoding="UTF-8"?>
<!-- Generated by org.testng.reporters.JUnitReportReporter -->
<testsuite ignored="0" hostname="DESKTOP-5GUVE2A" failures="0" tests="1" name="Practice.FrameworkAppium.General" time="53.182" errors="0" timestamp="05 Aug 2019 10:33:13 GMT" skipped="0">
  <testcase classname="Practice.FrameworkAppium.General" name="totalValidation" time="53.182"/>
</testsuite> <!-- Practice.FrameworkAppium.General -->
