<?xml version="1.0" encoding="UTF-8"?>
<!-- Generated by org.testng.reporters.JUnitReportReporter -->
<testsuite ignored="0" hostname="DESKTOP-5GUVE2A" failures="0" tests="2" name="Practice.FrameworkAppium.ApiDemo" time="71.779" errors="0" timestamp="08 Aug 2019 05:52:35 GMT" skipped="0">
  <testcase classname="Practice.FrameworkAppium.ApiDemo" name="apiDemoTest" time="37.614"/>
  <testcase classname="Practice.FrameworkAppium.ApiDemo" name="apiDemoTest" time="34.165"/>
</testsuite> <!-- Practice.FrameworkAppium.ApiDemo -->
